Arguments: 
  /home/isaias/.nvm/versions/node/v16.13.1/bin/node /home/isaias/.nvm/versions/node/v16.13.1/bin/yarn

PATH: 
  /home/isaias/.nvm/versions/node/v16.13.1/bin:/usr/local/sbin:/usr/local/bin:/usr/sbin:/usr/bin:/sbin:/bin:/usr/games:/usr/local/games:/snap/bin

Yarn version: 
  1.22.17

Node version: 
  16.13.1

Platform: 
  linux x64

Trace: 
  Error: getaddrinfo ENOTFOUND registry.yarnpkg.com
      at GetAddrInfoReqWrap.onlookup [as oncomplete] (node:dns:71:26)

npm manifest: 
  {
      "name": "server",
      "version": "1.0.0",
      "description": "",
      "main": "index.js",
      "scripts": {
          "build": "tsc -w",
          "dev": "nodemon build/index.js"
      },
      "keywords": [],
      "author": "",
      "license": "ISC",
      "dependencies": {
          "express": "^4.17.1",
          "promise-mysql": "^3.3.1"
      },
      "devDependencies": {
          "@types/cors": "^2.8.12",
          "@types/express": "^4.17.13",
          "@types/morgan": "^1.9.3",
          "nodemon": "^2.0.15"
      }
  }

yarn manifest: 
  No manifest

Lockfile: 
  No lockfile
